<?xml version="1.0" encoding="UTF-8"?>
<!-- Generated by org.testng.reporters.JUnitXMLReporter -->
<testsuite hostname="DESKTOP-GHD7SM5" ignored="0" name="Chrome" tests="1" failures="1" timestamp="22 Sep 2024 08:39:57 GMT" time="8.597" errors="0">
  <testcase name="Test" time="8.56" classname="TestScripts.Verify_Test">
    <failure type="org.openqa.selenium.SessionNotCreatedException" message="session not created: This version of ChromeDriver only supports Chrome version 114
Current browser version is 129.0.6668.59 with binary path C:\Program Files\Google\Chrome\Application\chrome.exe
Build info: version: &amp;apos;3.141.59&amp;apos;, revision: &amp;apos;e82be7d358&amp;apos;, time: &amp;apos;2018-11-14T08:17:03&amp;apos;
System info: host: &amp;apos;DESKTOP-GHD7SM5&amp;apos;, ip: &amp;apos;192.168.0.158&amp;apos;, os.name: &amp;apos;Windows 10&amp;apos;, os.arch: &amp;apos;amd64&amp;apos;, os.version: &amp;apos;10.0&amp;apos;, java.version: &amp;apos;1.8.0_202&amp;apos;
Driver info: driver.version: ChromeDriver
remote stacktrace: Backtrace:
	GetHandleVerifier [0x00E0A813+48355]
	(No symbol) [0x00D9C4B1]
	(No symbol) [0x00CA5358]
	(No symbol) [0x00CC61AC]
	(No symbol) [0x00CC1EF3]
	(No symbol) [0x00CC0579]
	(No symbol) [0x00CF0C55]
	(No symbol) [0x00CF093C]
	(No symbol) [0x00CEA536]
	(No symbol) [0x00CC82DC]
	(No symbol) [0x00CC93DD]
	GetHandleVerifier [0x0106AABD+2539405]
	GetHandleVerifier [0x010AA78F+2800735]
	GetHandleVerifier [0x010A456C+2775612]
	GetHandleVerifier [0x00E951E0+616112]
	(No symbol) [0x00DA5F8C]
	(No symbol) [0x00DA2328]
	(No symbol) [0x00DA240B]
	(No symbol) [0x00D94FF7]
	BaseThreadInitThunk [0x75E5FCC9+25]
	RtlGetAppContainerNamedObjectPath [0x77E180CE+286]
	RtlGetAppContainerNamedObjectPath [0x77E1809E+238]
">
      <![CDATA[org.openqa.selenium.SessionNotCreatedException: session not created: This version of ChromeDriver only supports Chrome version 114
Current browser version is 129.0.6668.59 with binary path C:\Program Files\Google\Chrome\Application\chrome.exe
Build info: version: '3.141.59', revision: 'e82be7d358', time: '2018-11-14T08:17:03'
System info: host: 'DESKTOP-GHD7SM5', ip: '192.168.0.158', os.name: 'Windows 10', os.arch: 'amd64', os.version: '10.0', java.version: '1.8.0_202'
Driver info: driver.version: ChromeDriver
remote stacktrace: Backtrace:
GetHandleVerifier [0x00E0A813+48355]
(No symbol) [0x00D9C4B1]
(No symbol) [0x00CA5358]
(No symbol) [0x00CC61AC]
(No symbol) [0x00CC1EF3]
(No symbol) [0x00CC0579]
(No symbol) [0x00CF0C55]
(No symbol) [0x00CF093C]
(No symbol) [0x00CEA536]
(No symbol) [0x00CC82DC]
(No symbol) [0x00CC93DD]
GetHandleVerifier [0x0106AABD+2539405]
GetHandleVerifier [0x010AA78F+2800735]
GetHandleVerifier [0x010A456C+2775612]
GetHandleVerifier [0x00E951E0+616112]
(No symbol) [0x00DA5F8C]
(No symbol) [0x00DA2328]
(No symbol) [0x00DA240B]
(No symbol) [0x00D94FF7]
BaseThreadInitThunk [0x75E5FCC9+25]
RtlGetAppContainerNamedObjectPath [0x77E180CE+286]
RtlGetAppContainerNamedObjectPath [0x77E1809E+238]

at org.openqa.selenium.remote.W3CHandshakeResponse.lambda$errorHandler$0(W3CHandshakeResponse.java:62)
at org.openqa.selenium.remote.HandshakeResponse.lambda$getResponseFunction$0(HandshakeResponse.java:30)
at org.openqa.selenium.remote.ProtocolHandshake.lambda$createSession$0(ProtocolHandshake.java:126)
at java.util.stream.ReferencePipeline$3$1.accept(Unknown Source)
at java.util.Spliterators$ArraySpliterator.tryAdvance(Unknown Source)
at java.util.stream.ReferencePipeline.forEachWithCancel(Unknown Source)
at java.util.stream.AbstractPipeline.copyIntoWithCancel(Unknown Source)
at java.util.stream.AbstractPipeline.copyInto(Unknown Source)
at java.util.stream.AbstractPipeline.wrapAndCopyInto(Unknown Source)
at java.util.stream.FindOps$FindOp.evaluateSequential(Unknown Source)
at java.util.stream.AbstractPipeline.evaluate(Unknown Source)
at java.util.stream.ReferencePipeline.findFirst(Unknown Source)
at org.openqa.selenium.remote.ProtocolHandshake.createSession(ProtocolHandshake.java:128)
at org.openqa.selenium.remote.ProtocolHandshake.createSession(ProtocolHandshake.java:74)
at org.openqa.selenium.remote.HttpCommandExecutor.execute(HttpCommandExecutor.java:136)
at org.openqa.selenium.remote.service.DriverCommandExecutor.execute(DriverCommandExecutor.java:83)
at org.openqa.selenium.remote.RemoteWebDriver.execute(RemoteWebDriver.java:552)
at org.openqa.selenium.remote.RemoteWebDriver.startSession(RemoteWebDriver.java:213)
at org.openqa.selenium.remote.RemoteWebDriver.<init>(RemoteWebDriver.java:131)
at org.openqa.selenium.chrome.ChromeDriver.<init>(ChromeDriver.java:181)
at org.openqa.selenium.chrome.ChromeDriver.<init>(ChromeDriver.java:168)
at org.openqa.selenium.chrome.ChromeDriver.<init>(ChromeDriver.java:123)
at Utilities.GenericWrapper.OpenBrowser(GenericWrapper.java:55)
at TestScripts.Verify_Test.Test(Verify_Test.java:16)
at java.util.concurrent.FutureTask.run(Unknown Source)
at java.util.concurrent.ThreadPoolExecutor.runWorker(Unknown Source)
at java.util.concurrent.ThreadPoolExecutor$Worker.run(Unknown Source)
at java.lang.Thread.run(Unknown Source)
... Removed 20 stack frames]]>
    </failure>
  </testcase> <!-- Test -->
</testsuite> <!-- Chrome -->
