<?xml version="1.0" encoding="UTF-8"?>
<testsuite name="Chrome"
           tests="1"
           failures="1"
           errors="0"
           skipped="0"
           time="9.568">
  <properties />
            <testcase name="Test" time="9.568" classname="TestScripts.Verify_Test">
                <failure type="org.openqa.selenium.SessionNotCreatedException"
                  message="session not created: This version of ChromeDriver only supports Chrome version 114
Current browser version is 129.0.6668.59 with binary path C:\Program Files\Google\Chrome\Application\chrome.exe
Build info: version: &apos;3.141.59&apos;, revision: &apos;e82be7d358&apos;, time: &apos;2018-11-14T08:17:03&apos;
System info: host: &apos;DESKTOP-GHD7SM5&apos;, ip: &apos;192.168.125.51&apos;, os.name: &apos;Windows 10&apos;, os.arch: &apos;amd64&apos;, os.version: &apos;10.0&apos;, java.version: &apos;1.8.0_202&apos;
Driver info: driver.version: ChromeDriver
remote stacktrace: Backtrace:
	GetHandleVerifier [0x0080A813+48355]
	(No symbol) [0x0079C4B1]
	(No symbol) [0x006A5358]
	(No symbol) [0x006C61AC]
	(No symbol) [0x006C1EF3]
	(No symbol) [0x006C0579]
	(No symbol) [0x006F0C55]
	(No symbol) [0x006F093C]
	(No symbol) [0x006EA536]
	(No symbol) [0x006C82DC]
	(No symbol) [0x006C93DD]
	GetHandleVerifier [0x00A6AABD+2539405]
	GetHandleVerifier [0x00AAA78F+2800735]
	GetHandleVerifier [0x00AA456C+2775612]
	GetHandleVerifier [0x008951E0+616112]
	(No symbol) [0x007A5F8C]
	(No symbol) [0x007A2328]
	(No symbol) [0x007A240B]
	(No symbol) [0x00794FF7]
	BaseThreadInitThunk [0x75A4FCC9+25]
	RtlGetAppContainerNamedObjectPath [0x77B080CE+286]
	RtlGetAppContainerNamedObjectPath [0x77B0809E+238]
"
              >
<![CDATA[org.openqa.selenium.SessionNotCreatedException: session not created: This version of ChromeDriver only supports Chrome version 114
Current browser version is 129.0.6668.59 with binary path C:\Program Files\Google\Chrome\Application\chrome.exe
Build info: version: '3.141.59', revision: 'e82be7d358', time: '2018-11-14T08:17:03'
System info: host: 'DESKTOP-GHD7SM5', ip: '192.168.125.51', os.name: 'Windows 10', os.arch: 'amd64', os.version: '10.0', java.version: '1.8.0_202'
Driver info: driver.version: ChromeDriver
remote stacktrace: Backtrace:
	GetHandleVerifier [0x0080A813+48355]
	(No symbol) [0x0079C4B1]
	(No symbol) [0x006A5358]
	(No symbol) [0x006C61AC]
	(No symbol) [0x006C1EF3]
	(No symbol) [0x006C0579]
	(No symbol) [0x006F0C55]
	(No symbol) [0x006F093C]
	(No symbol) [0x006EA536]
	(No symbol) [0x006C82DC]
	(No symbol) [0x006C93DD]
	GetHandleVerifier [0x00A6AABD+2539405]
	GetHandleVerifier [0x00AAA78F+2800735]
	GetHandleVerifier [0x00AA456C+2775612]
	GetHandleVerifier [0x008951E0+616112]
	(No symbol) [0x007A5F8C]
	(No symbol) [0x007A2328]
	(No symbol) [0x007A240B]
	(No symbol) [0x00794FF7]
	BaseThreadInitThunk [0x75A4FCC9+25]
	RtlGetAppContainerNamedObjectPath [0x77B080CE+286]
	RtlGetAppContainerNamedObjectPath [0x77B0809E+238]

  sun.reflect.NativeConstructorAccessorImpl.newInstance0(Native Method)
  sun.reflect.NativeConstructorAccessorImpl.newInstance(Unknown Source)
  sun.reflect.DelegatingConstructorAccessorImpl.newInstance(Unknown Source)
  java.lang.reflect.Constructor.newInstance(Unknown Source)
  org.openqa.selenium.remote.W3CHandshakeResponse.lambda$errorHandler$0(W3CHandshakeResponse.java:62)
  org.openqa.selenium.remote.HandshakeResponse.lambda$getResponseFunction$0(HandshakeResponse.java:30)
  org.openqa.selenium.remote.ProtocolHandshake.lambda$createSession$0(ProtocolHandshake.java:126)
  java.util.stream.ReferencePipeline$3$1.accept(Unknown Source)
  java.util.Spliterators$ArraySpliterator.tryAdvance(Unknown Source)
  java.util.stream.ReferencePipeline.forEachWithCancel(Unknown Source)
  java.util.stream.AbstractPipeline.copyIntoWithCancel(Unknown Source)
  java.util.stream.AbstractPipeline.copyInto(Unknown Source)
  java.util.stream.AbstractPipeline.wrapAndCopyInto(Unknown Source)
  java.util.stream.FindOps$FindOp.evaluateSequential(Unknown Source)
  java.util.stream.AbstractPipeline.evaluate(Unknown Source)
  java.util.stream.ReferencePipeline.findFirst(Unknown Source)
  org.openqa.selenium.remote.ProtocolHandshake.createSession(ProtocolHandshake.java:128)
  org.openqa.selenium.remote.ProtocolHandshake.createSession(ProtocolHandshake.java:74)
  org.openqa.selenium.remote.HttpCommandExecutor.execute(HttpCommandExecutor.java:136)
  org.openqa.selenium.remote.service.DriverCommandExecutor.execute(DriverCommandExecutor.java:83)
  org.openqa.selenium.remote.RemoteWebDriver.execute(RemoteWebDriver.java:552)
  org.openqa.selenium.remote.RemoteWebDriver.startSession(RemoteWebDriver.java:213)
  org.openqa.selenium.remote.RemoteWebDriver.<init>(RemoteWebDriver.java:131)
  org.openqa.selenium.chrome.ChromeDriver.<init>(ChromeDriver.java:181)
  org.openqa.selenium.chrome.ChromeDriver.<init>(ChromeDriver.java:168)
  org.openqa.selenium.chrome.ChromeDriver.<init>(ChromeDriver.java:123)
  Utilities.GenericWrapper.OpenBrowser(GenericWrapper.java:55)
  TestScripts.Verify_Test.Test(Verify_Test.java:16)
  sun.reflect.NativeMethodAccessorImpl.invoke0(Native Method)
  sun.reflect.NativeMethodAccessorImpl.invoke(Unknown Source)
  sun.reflect.DelegatingMethodAccessorImpl.invoke(Unknown Source)
  java.lang.reflect.Method.invoke(Unknown Source)
  org.testng.internal.MethodInvocationHelper.invokeMethod(MethodInvocationHelper.java:124)
  org.testng.internal.Invoker.invokeMethod(Invoker.java:583)
  org.testng.internal.Invoker.invokeTestMethod(Invoker.java:719)
  org.testng.internal.Invoker.invokeTestMethods(Invoker.java:989)
  org.testng.internal.TestMethodWorker.invokeTestMethods(TestMethodWorker.java:125)
  org.testng.internal.TestMethodWorker.run(TestMethodWorker.java:109)
  org.testng.TestRunner.privateRun(TestRunner.java:648)
  org.testng.TestRunner.run(TestRunner.java:505)
  org.testng.SuiteRunner.runTest(SuiteRunner.java:455)
  org.testng.SuiteRunner.access$000(SuiteRunner.java:40)
  org.testng.SuiteRunner$SuiteWorker.run(SuiteRunner.java:489)
  org.testng.internal.thread.ThreadUtil$1.call(ThreadUtil.java:52)
  java.util.concurrent.FutureTask.run(Unknown Source)
  java.util.concurrent.ThreadPoolExecutor.runWorker(Unknown Source)
  java.util.concurrent.ThreadPoolExecutor$Worker.run(Unknown Source)
  java.lang.Thread.run(Unknown Source)
]]>
      </failure>

          </testcase>
  
  
  
</testsuite>
