<?xml version="1.0" encoding="UTF-8"?>
<!-- Generated by org.testng.reporters.JUnitReportReporter -->
<testsuite skipped="0" hostname="DESKTOP-GHD7SM5" name="TestScripts.Verify_Test" tests="2" failures="0" timestamp="23 Sep 2024 02:03:35 GMT" time="19.086" errors="1">
  <testcase name="Test" time="9.518" classname="TestScripts.Verify_Test"/>
  <testcase name="Test" time="9.568" classname="TestScripts.Verify_Test">
    <error type="org.openqa.selenium.SessionNotCreatedException" message="session not created: This version of ChromeDriver only supports Chrome version 114
Current browser version is 129.0.6668.59 with binary path C:\Program Files\Google\Chrome\Application\chrome.exe
Build info: version: &#039;3.141.59&#039;, revision: &#039;e82be7d358&#039;, time: &#039;2018-11-14T08:17:03&#039;
System info: host: &#039;DESKTOP-GHD7SM5&#039;, ip: &#039;192.168.125.51&#039;, os.name: &#039;Windows 10&#039;, os.arch: &#039;amd64&#039;, os.version: &#039;10.0&#039;, java.version: &#039;1.8.0_202&#039;
Driver info: driver.version: ChromeDriver
remote stacktrace: Backtrace:
	GetHandleVerifier [0x0080A813+48355]
	(No symbol) [0x0079C4B1]
	(No symbol) [0x006A5358]
	(No symbol) [0x006C61AC]
	(No symbol) [0x006C1EF3]
	(No symbol) [0x006C0579]
	(No symbol) [0x006F0C55]
	(No symbol) [0x006F093C]
	(No symbol) [0x006EA536]
	(No symbol) [0x006C82DC]
	(No symbol) [0x006C93DD]
	GetHandleVerifier [0x00A6AABD+2539405]
	GetHandleVerifier [0x00AAA78F+2800735]
	GetHandleVerifier [0x00AA456C+2775612]
	GetHandleVerifier [0x008951E0+616112]
	(No symbol) [0x007A5F8C]
	(No symbol) [0x007A2328]
	(No symbol) [0x007A240B]
	(No symbol) [0x00794FF7]
	BaseThreadInitThunk [0x75A4FCC9+25]
	RtlGetAppContainerNamedObjectPath [0x77B080CE+286]
	RtlGetAppContainerNamedObjectPath [0x77B0809E+238]
">
      <![CDATA[org.openqa.selenium.SessionNotCreatedException: session not created: This version of ChromeDriver only supports Chrome version 114
Current browser version is 129.0.6668.59 with binary path C:\Program Files\Google\Chrome\Application\chrome.exe
Build info: version: '3.141.59', revision: 'e82be7d358', time: '2018-11-14T08:17:03'
System info: host: 'DESKTOP-GHD7SM5', ip: '192.168.125.51', os.name: 'Windows 10', os.arch: 'amd64', os.version: '10.0', java.version: '1.8.0_202'
Driver info: driver.version: ChromeDriver
remote stacktrace: Backtrace:
GetHandleVerifier [0x0080A813+48355]
(No symbol) [0x0079C4B1]
(No symbol) [0x006A5358]
(No symbol) [0x006C61AC]
(No symbol) [0x006C1EF3]
(No symbol) [0x006C0579]
(No symbol) [0x006F0C55]
(No symbol) [0x006F093C]
(No symbol) [0x006EA536]
(No symbol) [0x006C82DC]
(No symbol) [0x006C93DD]
GetHandleVerifier [0x00A6AABD+2539405]
GetHandleVerifier [0x00AAA78F+2800735]
GetHandleVerifier [0x00AA456C+2775612]
GetHandleVerifier [0x008951E0+616112]
(No symbol) [0x007A5F8C]
(No symbol) [0x007A2328]
(No symbol) [0x007A240B]
(No symbol) [0x00794FF7]
BaseThreadInitThunk [0x75A4FCC9+25]
RtlGetAppContainerNamedObjectPath [0x77B080CE+286]
RtlGetAppContainerNamedObjectPath [0x77B0809E+238]

at sun.reflect.NativeConstructorAccessorImpl.newInstance0(Native Method)
at sun.reflect.NativeConstructorAccessorImpl.newInstance(Unknown Source)
at sun.reflect.DelegatingConstructorAccessorImpl.newInstance(Unknown Source)
at java.lang.reflect.Constructor.newInstance(Unknown Source)
at org.openqa.selenium.remote.W3CHandshakeResponse.lambda$errorHandler$0(W3CHandshakeResponse.java:62)
at org.openqa.selenium.remote.HandshakeResponse.lambda$getResponseFunction$0(HandshakeResponse.java:30)
at org.openqa.selenium.remote.ProtocolHandshake.lambda$createSession$0(ProtocolHandshake.java:126)
at java.util.stream.ReferencePipeline$3$1.accept(Unknown Source)
at java.util.Spliterators$ArraySpliterator.tryAdvance(Unknown Source)
at java.util.stream.ReferencePipeline.forEachWithCancel(Unknown Source)
at java.util.stream.AbstractPipeline.copyIntoWithCancel(Unknown Source)
at java.util.stream.AbstractPipeline.copyInto(Unknown Source)
at java.util.stream.AbstractPipeline.wrapAndCopyInto(Unknown Source)
at java.util.stream.FindOps$FindOp.evaluateSequential(Unknown Source)
at java.util.stream.AbstractPipeline.evaluate(Unknown Source)
at java.util.stream.ReferencePipeline.findFirst(Unknown Source)
at org.openqa.selenium.remote.ProtocolHandshake.createSession(ProtocolHandshake.java:128)
at org.openqa.selenium.remote.ProtocolHandshake.createSession(ProtocolHandshake.java:74)
at org.openqa.selenium.remote.HttpCommandExecutor.execute(HttpCommandExecutor.java:136)
at org.openqa.selenium.remote.service.DriverCommandExecutor.execute(DriverCommandExecutor.java:83)
at org.openqa.selenium.remote.RemoteWebDriver.execute(RemoteWebDriver.java:552)
at org.openqa.selenium.remote.RemoteWebDriver.startSession(RemoteWebDriver.java:213)
at org.openqa.selenium.remote.RemoteWebDriver.<init>(RemoteWebDriver.java:131)
at org.openqa.selenium.chrome.ChromeDriver.<init>(ChromeDriver.java:181)
at org.openqa.selenium.chrome.ChromeDriver.<init>(ChromeDriver.java:168)
at org.openqa.selenium.chrome.ChromeDriver.<init>(ChromeDriver.java:123)
at Utilities.GenericWrapper.OpenBrowser(GenericWrapper.java:55)
at TestScripts.Verify_Test.Test(Verify_Test.java:16)
at sun.reflect.NativeMethodAccessorImpl.invoke0(Native Method)
at sun.reflect.NativeMethodAccessorImpl.invoke(Unknown Source)
at sun.reflect.DelegatingMethodAccessorImpl.invoke(Unknown Source)
at java.lang.reflect.Method.invoke(Unknown Source)
at org.testng.internal.MethodInvocationHelper.invokeMethod(MethodInvocationHelper.java:124)
at org.testng.internal.Invoker.invokeMethod(Invoker.java:583)
at org.testng.internal.Invoker.invokeTestMethod(Invoker.java:719)
at org.testng.internal.Invoker.invokeTestMethods(Invoker.java:989)
at org.testng.internal.TestMethodWorker.invokeTestMethods(TestMethodWorker.java:125)
at org.testng.internal.TestMethodWorker.run(TestMethodWorker.java:109)
at org.testng.TestRunner.privateRun(TestRunner.java:648)
at org.testng.TestRunner.run(TestRunner.java:505)
at org.testng.SuiteRunner.runTest(SuiteRunner.java:455)
at org.testng.SuiteRunner.access$000(SuiteRunner.java:40)
at org.testng.SuiteRunner$SuiteWorker.run(SuiteRunner.java:489)
at org.testng.internal.thread.ThreadUtil$1.call(ThreadUtil.java:52)
at java.util.concurrent.FutureTask.run(Unknown Source)
at java.util.concurrent.ThreadPoolExecutor.runWorker(Unknown Source)
at java.util.concurrent.ThreadPoolExecutor$Worker.run(Unknown Source)
at java.lang.Thread.run(Unknown Source)
]]>
    </error>
  </testcase> <!-- Test -->
</testsuite> <!-- TestScripts.Verify_Test -->
